RNG_test using PractRand version 0.94
RNG = mcg59, seed = 20260416
test set = core, folding = standard (64 bit)

rng=mcg59, seed=20260416
length= 256 megabytes (2^28 bytes), time= 3.5 seconds
  Test Name                         Raw       Processed     Evaluation
  BCFN(2+0,13-2,T)                  R>+99999  p = 0           FAIL !!!!!!!!  
  BCFN(2+1,13-2,T)                  R>+99999  p = 0           FAIL !!!!!!!!  
  BCFN(2+2,13-3,T)                  R>+99999  p = 0           FAIL !!!!!!!!  
  BCFN(2+3,13-3,T)                  R>+99999  p = 0           FAIL !!!!!!!!  
  BCFN(2+4,13-3,T)                  R>+99999  p = 0           FAIL !!!!!!!!  
  BCFN(2+5,13-4,T)                  R>+99999  p = 0           FAIL !!!!!!!!  
  BCFN(2+6,13-5,T)                  R>+99999  p = 0           FAIL !!!!!!!!  
  BCFN(2+7,13-5,T)                  R>+99999  p = 0           FAIL !!!!!!!!  
  BCFN(2+8,13-6,T)                  R>+99999  p = 0           FAIL !!!!!!!!  
  BCFN(2+9,13-6,T)                  R>+99999  p = 0           FAIL !!!!!!!!  
  BCFN(2+10,13-7,T)                 R=+69095  p = 0           FAIL !!!!!!!!  
  BCFN(2+11,13-8,T)                 R=+40957  p = 0           FAIL !!!!!!!!  
  BCFN(2+12,13-8,T)                 R=+20441  p =  1e-5188    FAIL !!!!!!!!  
  BCFN(2+13,13-9,T)                 R=+11734  p =  8e-2638    FAIL !!!!!!!!  
  BCFN(2+14,13-9,T)                 R= +5853  p =  3e-1316    FAIL !!!!!!!!  
  DC6-9x1Bytes-1                    R>+99999  p = 0           FAIL !!!!!!!!  
  Gap-16:A                          R>+99999  p = 0           FAIL !!!!!!!!  
  Gap-16:B                          R>+99999  p = 0           FAIL !!!!!!!!  
  FPF-14+6/16:(0,14-0)              R>+99999  p = 0           FAIL !!!!!!!!  
  FPF-14+6/16:(1,14-0)              R>+99999  p = 0           FAIL !!!!!!!!  
  FPF-14+6/16:(2,14-0)              R>+99999  p = 0           FAIL !!!!!!!!  
  FPF-14+6/16:(3,14-0)              R=+99161  p = 0           FAIL !!!!!!!!  
  FPF-14+6/16:(4,14-1)              R=+70043  p = 0           FAIL !!!!!!!!  
  FPF-14+6/16:(5,14-2)              R=+49492  p = 0           FAIL !!!!!!!!  
  FPF-14+6/16:(6,14-2)              R=+24705  p = 0           FAIL !!!!!!!!  
  FPF-14+6/16:(7,14-3)              R=+17479  p = 0           FAIL !!!!!!!!  
  FPF-14+6/16:(8,14-4)              R=+12323  p = 0           FAIL !!!!!!!!  
  FPF-14+6/16:(9,14-5)              R= +8891  p =  1e-7370    FAIL !!!!!!!!  
  FPF-14+6/16:(10,14-5)             R= +4459  p =  6e-3697    FAIL !!!!!!!!  
  FPF-14+6/16:(16,14-10)            R= +5384  p =  1e-2864    FAIL !!!!!!!!  
  FPF-14+6/16:all                   R>+99999  p = 0           FAIL !!!!!!!!  
  FPF-14+6/16:cross                 R>+99999  p = 0           FAIL !!!!!!!!  
  BRank(12):128(4)                  R=+563.9  p~=  1.0e-300   FAIL !!!!!!    
  BRank(12):256(4)                  R= +1640  p~=  3.6e-873   FAIL !!!!!!!   
  BRank(12):384(1)                  R= +1272  p~=  5.4e-384   FAIL !!!!!!!   
  BRank(12):512(2)                  R= +3017  p~=  3.3e-909   FAIL !!!!!!!   
  BRank(12):768(1)                  R= +3167  p~=  2.9e-954   FAIL !!!!!!!   
  BRank(12):1K(2)                   R= +7157  p~=  1e-2155    FAIL !!!!!!!!  
  BRank(12):1536(1)                 R= +7450  p~=  7e-2244    FAIL !!!!!!!!  
  BRank(12):2K(1)                   R=+11627  p~=  4e-3501    FAIL !!!!!!!!  
  mod3n(5):(0,9-1)                  R=+430.9  p =  9.0e-263   FAIL !!!!!!    
  TMFn(2+0):wl                      R=+72256  p~=  0          FAIL !!!!!!!!  
  TMFn(2+1):wl                      R=+36084  p~=  0          FAIL !!!!!!!!  
  TMFn(2+2):wl                      R=+18250  p~=  0          FAIL !!!!!!!!  
  TMFn(2+3):wl                      R= +9208  p~=  0          FAIL !!!!!!!!  
  [Low16/64]BCFN(2+0,13-3,T)        R>+99999  p = 0           FAIL !!!!!!!!  
  [Low16/64]BCFN(2+1,13-3,T)        R=+88710  p = 0           FAIL !!!!!!!!  
  [Low16/64]BCFN(2+2,13-4,T)        R=+63498  p = 0           FAIL !!!!!!!!  
  [Low16/64]BCFN(2+3,13-4,T)        R=+61135  p = 0           FAIL !!!!!!!!  
  [Low16/64]BCFN(2+4,13-5,T)        R=+44041  p = 0           FAIL !!!!!!!!  
  [Low16/64]BCFN(2+5,13-5,T)        R=+46718  p = 0           FAIL !!!!!!!!  
  [Low16/64]BCFN(2+6,13-6,T)        R=+20785  p =  1e-7118    FAIL !!!!!!!!  
  [Low16/64]BCFN(2+7,13-6,T)        R=+22799  p =  1e-7808    FAIL !!!!!!!!  
  [Low16/64]BCFN(2+8,13-7,T)        R=+21775  p =  2e-6550    FAIL !!!!!!!!  
  [Low16/64]BCFN(2+9,13-8,T)        R=+12275  p =  2e-3116    FAIL !!!!!!!!  
  [Low16/64]BCFN(2+10,13-8,T)       R=+12289  p =  1e-3119    FAIL !!!!!!!!  
  [Low16/64]BCFN(2+11,13-9,T)       R= +8780  p =  5e-1974    FAIL !!!!!!!!  
  [Low16/64]BCFN(2+12,13-9,T)       R= +4382  p =  1.1e-985   FAIL !!!!!!!   
  [Low16/64]DC6-9x1Bytes-1          R>+99999  p = 0           FAIL !!!!!!!!  
  [Low16/64]Gap-16:A                R>+99999  p = 0           FAIL !!!!!!!!  
  [Low16/64]Gap-16:B                R>+99999  p = 0           FAIL !!!!!!!!  
  [Low16/64]FPF-14+6/16:(0,14-0)    R>+99999  p = 0           FAIL !!!!!!!!  
  [Low16/64]FPF-14+6/16:all         R>+99999  p = 0           FAIL !!!!!!!!  
  [Low16/64]FPF-14+6/16:cross       R>+99999  p = 0           FAIL !!!!!!!!  
  [Low16/64]BRank(12):128(4)        R= +2544  p~=  4e-1354    FAIL !!!!!!!!  
  [Low16/64]BRank(12):256(2)        R= +4722  p~=  2e-1422    FAIL !!!!!!!!  
  [Low16/64]BRank(12):384(1)        R= +4867  p~=  3e-1466    FAIL !!!!!!!!  
  [Low16/64]BRank(12):512(2)        R=+11572  p~=  1e-3484    FAIL !!!!!!!!  
  [Low16/64]BRank(12):768(1)        R=+11928  p~=  9e-3592    FAIL !!!!!!!!  
  [Low16/64]BRank(12):1K(1)         R=+19204  p~=  4e-5782    FAIL !!!!!!!!  
  [Low16/64]mod3n(5):(0,9-2)        R= +4182  p =  3e-2282    FAIL !!!!!!!!  
  [Low16/64]mod3n(5):(1,9-2)        R= +1239  p =  3.7e-676   FAIL !!!!!!!   
  [Low16/64]mod3n(5):(2,9-3)        R= +1485  p =  9.3e-772   FAIL !!!!!!!   
  [Low16/64]mod3n(5):(3,9-3)        R= +1751  p =  1.2e-909   FAIL !!!!!!!   
  [Low16/64]mod3n(5):(4,9-4)        R=+888.0  p =  5.2e-404   FAIL !!!!!!!   
  [Low16/64]mod3n(5):(5,9-4)        R=+825.7  p =  1.0e-375   FAIL !!!!!!!   
  [Low16/64]mod3n(5):(6,9-5)        R=+285.9  p =  1.2e-122   FAIL !!!!!     
  [Low16/64]mod3n(5):(7,9-5)        R=+574.0  p =  1.0e-245   FAIL !!!!!!    
  [Low16/64]mod3n(5):(8,9-6)        R=+216.4  p =  9.8e-75    FAIL !!!!      
  [Low16/64]mod3n(5):(9,9-6)        R=+185.7  p =  2.9e-64    FAIL !!!!      
  [Low16/64]mod3n(5):(10,9-6)       R=+226.1  p =  4.7e-78    FAIL !!!!      
  [Low16/64]mod3n(5):(11,9-6)       R=+292.8  p =  7.8e-101   FAIL !!!!!     
  [Low16/64]mod3n(5):(12,9-6)       R=+274.5  p =  1.4e-94    FAIL !!!!!     
  [Low16/64]TMFn(2+0):wl            R=+34067  p~=  0          FAIL !!!!!!!!  
  [Low16/64]TMFn(2+1):wl            R=+17489  p~=  0          FAIL !!!!!!!!  
  [Low4/64]BCFN(2+0,13-5,T)         R>+99999  p = 0           FAIL !!!!!!!!  
  [Low4/64]BCFN(2+1,13-5,T)         R>+99999  p = 0           FAIL !!!!!!!!  
  [Low4/64]BCFN(2+2,13-5,T)         R>+99999  p = 0           FAIL !!!!!!!!  
  [Low4/64]BCFN(2+3,13-5,T)         R>+99999  p = 0           FAIL !!!!!!!!  
  [Low4/64]BCFN(2+4,13-6,T)         R>+99999  p = 0           FAIL !!!!!!!!  
  [Low4/64]BCFN(2+5,13-6,T)         R>+99999  p = 0           FAIL !!!!!!!!  
  [Low4/64]BCFN(2+6,13-7,T)         R=+66926  p = 0           FAIL !!!!!!!!  
  [Low4/64]BCFN(2+7,13-8,T)         R=+40044  p = 0           FAIL !!!!!!!!  
  [Low4/64]BCFN(2+8,13-8,T)         R=+20118  p =  9e-5107    FAIL !!!!!!!!  
  [Low4/64]BCFN(2+9,13-9,T)         R=+11603  p =  2e-2608    FAIL !!!!!!!!  
  [Low4/64]BCFN(2+10,13-9,T)        R= +5806  p =  8e-1306    FAIL !!!!!!!!  
  [Low4/64]DC6-9x1Bytes-1           R>+99999  p = 0           FAIL !!!!!!!!  
  [Low4/64]Gap-16:A                 R>+99999  p = 0           FAIL !!!!!!!!  
  [Low4/64]Gap-16:B                 R>+99999  p = 0           FAIL !!!!!!!!  
  [Low4/64]FPF-14+6/16:(0,14-1)     R>+99999  p = 0           FAIL !!!!!!!!  
  [Low4/64]FPF-14+6/16:all          R>+99999  p = 0           FAIL !!!!!!!!  
  [Low4/64]FPF-14+6/16:cross        R>+99999  p = 0           FAIL !!!!!!!!  
  [Low4/64]BRank(12):128(4)         R= +5257  p~=  1e-2796    FAIL !!!!!!!!  
  [Low4/64]BRank(12):256(2)         R= +7614  p~=  4e-2293    FAIL !!!!!!!!  
  [Low4/64]BRank(12):384(1)         R= +8139  p~=  3e-2451    FAIL !!!!!!!!  
  [Low4/64]BRank(12):512(2)         R=+15408  p~=  3e-4639    FAIL !!!!!!!!  
  [Low4/64]BRank(12):768(1)         R=+16406  p~=  1e-4939    FAIL !!!!!!!!  
  [Low4/64]mod3n(5):(0,9-3)         R>+99999  p = 0           FAIL !!!!!!!!  
  [Low4/64]mod3n(5):(1,9-3)         R>+99999  p = 0           FAIL !!!!!!!!  
  [Low4/64]mod3n(5):(2,9-4)         R=+98097  p = 0           FAIL !!!!!!!!  
  [Low4/64]mod3n(5):(3,9-4)         R=+49013  p = 0           FAIL !!!!!!!!  
  [Low4/64]mod3n(5):(4,9-5)         R=+34061  p = 0           FAIL !!!!!!!!  
  [Low4/64]mod3n(5):(5,9-5)         R=+16987  p =  5e-7259    FAIL !!!!!!!!  
  [Low4/64]mod3n(5):(6,9-6)         R=+11123  p =  5e-3799    FAIL !!!!!!!!  
  [Low4/64]mod3n(5):(7,9-6)         R= +5507  p =  2e-1881    FAIL !!!!!!!!  
  [Low4/64]mod3n(5):(8,9-6)         R= +2704  p =  2.3e-924   FAIL !!!!!!!   
  [Low4/64]mod3n(5):(9,9-6)         R= +1308  p =  1.3e-447   FAIL !!!!!!!   
  [Low4/64]mod3n(5):(10,9-6)        R=+615.4  p =  5.4e-211   FAIL !!!!!!    
  [Low1/64]BCFN(2+0,13-6,T)         R>+99999  p = 0           FAIL !!!!!!!!  
  [Low1/64]BCFN(2+1,13-6,T)         R>+99999  p = 0           FAIL !!!!!!!!  
  [Low1/64]BCFN(2+2,13-6,T)         R>+99999  p = 0           FAIL !!!!!!!!  
  [Low1/64]BCFN(2+3,13-6,T)         R>+99999  p = 0           FAIL !!!!!!!!  
  [Low1/64]BCFN(2+4,13-7,T)         R=+65226  p = 0           FAIL !!!!!!!!  
  [Low1/64]BCFN(2+5,13-8,T)         R=+39325  p =  4e-9981    FAIL !!!!!!!!  
  [Low1/64]BCFN(2+6,13-8,T)         R=+19863  p =  7e-5042    FAIL !!!!!!!!  
  [Low1/64]BCFN(2+7,13-9,T)         R=+11499  p =  7e-2585    FAIL !!!!!!!!  
  [Low1/64]BCFN(2+8,13-9,T)         R= +5769  p =  1e-1297    FAIL !!!!!!!!  
  [Low1/64]DC6-9x1Bytes-1           R>+99999  p = 0           FAIL !!!!!!!!  
  [Low1/64]Gap-16:A                 R>+99999  p = 0           FAIL !!!!!!!!  
  [Low1/64]Gap-16:B                 R>+99999  p = 0           FAIL !!!!!!!!  
  [Low1/64]FPF-14+6/16:(0,14-2)     R>+99999  p = 0           FAIL !!!!!!!!  
  [Low1/64]FPF-14+6/16:all          R>+99999  p = 0           FAIL !!!!!!!!  
  [Low1/64]FPF-14+6/16:cross        R>+99999  p = 0           FAIL !!!!!!!!  
  [Low1/64]BRank(12):128(2)         R= +3717  p~=  5e-1120    FAIL !!!!!!!!  
  [Low1/64]BRank(12):256(2)         R= +7614  p~=  4e-2293    FAIL !!!!!!!!  
  [Low1/64]BRank(12):384(1)         R= +8139  p~=  3e-2451    FAIL !!!!!!!!  
  [Low1/64]BRank(12):512(1)         R=+10895  p~=  1e-3280    FAIL !!!!!!!!  
  [Low1/64]mod3n(5):(0,9-4)         R>+99999  p = 0           FAIL !!!!!!!!  
  [Low1/64]mod3n(5):(1,9-4)         R=+57429  p = 0           FAIL !!!!!!!!  
  [Low1/64]mod3n(5):(2,9-5)         R=+39925  p = 0           FAIL !!!!!!!!  
  [Low1/64]mod3n(5):(3,9-5)         R=+19927  p =  3e-8515    FAIL !!!!!!!!  
  [Low1/64]mod3n(5):(4,9-6)         R=+13067  p =  6e-4463    FAIL !!!!!!!!  
  [Low1/64]mod3n(5):(5,9-6)         R= +6490  p =  6e-2217    FAIL !!!!!!!!  
  [Low1/64]mod3n(5):(6,9-6)         R= +3201  p =  7e-1094    FAIL !!!!!!!!  
  [Low1/64]mod3n(5):(7,9-6)         R= +1557  p =  2.3e-532   FAIL !!!!!!!   
  [Low1/64]mod3n(5):(8,9-6)         R=+739.5  p =  2.2e-253   FAIL !!!!!!    
  [Low1/64]mod3n(5):(9,9-6)         R=+336.2  p =  1.2e-115   FAIL !!!!!     
  ...and 21 test result(s) without anomalies

