RNG_test using PractRand version 0.94
RNG = taus88, seed = 20260416
test set = core, folding = standard (64 bit)

rng=taus88, seed=20260416
length= 256 megabytes (2^28 bytes), time= 3.8 seconds
  Test Name                         Raw       Processed     Evaluation
  BCFN(2+0,13-2,T)                  R>+99999  p = 0           FAIL !!!!!!!!  
  BCFN(2+1,13-2,T)                  R>+99999  p = 0           FAIL !!!!!!!!  
  BCFN(2+2,13-3,T)                  R>+99999  p = 0           FAIL !!!!!!!!  
  BCFN(2+3,13-3,T)                  R>+99999  p = 0           FAIL !!!!!!!!  
  BCFN(2+4,13-3,T)                  R>+99999  p = 0           FAIL !!!!!!!!  
  BCFN(2+5,13-4,T)                  R>+99999  p = 0           FAIL !!!!!!!!  
  BCFN(2+6,13-5,T)                  R>+99999  p = 0           FAIL !!!!!!!!  
  BCFN(2+7,13-5,T)                  R>+99999  p = 0           FAIL !!!!!!!!  
  BCFN(2+8,13-6,T)                  R>+99999  p = 0           FAIL !!!!!!!!  
  BCFN(2+9,13-6,T)                  R>+99999  p = 0           FAIL !!!!!!!!  
  BCFN(2+10,13-7,T)                 R=+69095  p = 0           FAIL !!!!!!!!  
  BCFN(2+11,13-8,T)                 R=+40957  p = 0           FAIL !!!!!!!!  
  BCFN(2+12,13-8,T)                 R=+20441  p =  1e-5188    FAIL !!!!!!!!  
  BCFN(2+13,13-9,T)                 R=+11734  p =  8e-2638    FAIL !!!!!!!!  
  BCFN(2+14,13-9,T)                 R= +5853  p =  3e-1316    FAIL !!!!!!!!  
  DC6-9x1Bytes-1                    R>+99999  p = 0           FAIL !!!!!!!!  
  Gap-16:A                          R>+99999  p = 0           FAIL !!!!!!!!  
  Gap-16:B                          R>+99999  p = 0           FAIL !!!!!!!!  
  FPF-14+6/16:(2,14-0)              R=+17151  p = 0           FAIL !!!!!!!!  
  FPF-14+6/16:(3,14-0)              R=+20492  p = 0           FAIL !!!!!!!!  
  FPF-14+6/16:(4,14-1)              R=+14491  p = 0           FAIL !!!!!!!!  
  FPF-14+6/16:(5,14-2)              R=+10276  p =  9e-8987    FAIL !!!!!!!!  
  FPF-14+6/16:(6,14-2)              R= +8847  p =  1e-7737    FAIL !!!!!!!!  
  FPF-14+6/16:(7,14-3)              R= +6294  p =  3e-5516    FAIL !!!!!!!!  
  FPF-14+6/16:(8,14-4)              R= +4439  p =  2e-3627    FAIL !!!!!!!!  
  FPF-14+6/16:(9,14-5)              R= +3162  p =  1e-2621    FAIL !!!!!!!!  
  FPF-14+6/16:(10,14-5)             R= +2369  p =  1e-1963    FAIL !!!!!!!!  
  FPF-14+6/16:(11,14-6)             R= +1655  p =  7e-1267    FAIL !!!!!!!!  
  FPF-14+6/16:(12,14-7)             R= +1226  p =  1.4e-975   FAIL !!!!!!!   
  FPF-14+6/16:(13,14-8)             R=+803.8  p =  1.9e-578   FAIL !!!!!!!   
  FPF-14+6/16:(14,14-8)             R=+583.9  p =  3.1e-420   FAIL !!!!!!!   
  FPF-14+6/16:(15,14-9)             R=+454.7  p =  1.3e-286   FAIL !!!!!!    
  FPF-14+6/16:all                   R>+99999  p = 0           FAIL !!!!!!!!  
  FPF-14+6/16:cross                 R>+99999  p = 0           FAIL !!!!!!!!  
  BRank(12):128(4)                  R= +2544  p~=  4e-1354    FAIL !!!!!!!!  
  BRank(12):256(4)                  R= +7022  p~=  1e-3735    FAIL !!!!!!!!  
  BRank(12):384(1)                  R= +6266  p~=  1e-1887    FAIL !!!!!!!!  
  BRank(12):512(2)                  R=+12759  p~=  7e-3842    FAIL !!!!!!!!  
  BRank(12):768(1)                  R=+14533  p~=  7e-4376    FAIL !!!!!!!!  
  BRank(12):1K(2)                   R=+28346  p~=  3e-8534    FAIL !!!!!!!!  
  BRank(12):1536(1)                 R=+31066  p~=  8e-9353    FAIL !!!!!!!!  
  BRank(12):2K(1)                   R=+42088  p~= 0           FAIL !!!!!!!!  
  mod3n(5):(0,9-1)                  R>+99999  p = 0           FAIL !!!!!!!!  
  mod3n(5):(1,9-1)                  R>+99999  p = 0           FAIL !!!!!!!!  
  mod3n(5):(2,9-2)                  R>+99999  p = 0           FAIL !!!!!!!!  
  TMFn(2+0):wl                      R=+48164  p~=  0          FAIL !!!!!!!!  
  TMFn(2+1):wl                      R=+24051  p~=  0          FAIL !!!!!!!!  
  TMFn(2+2):wl                      R=+11993  p~=  0          FAIL !!!!!!!!  
  TMFn(2+3):wl                      R= +5965  p~=  0          FAIL !!!!!!!!  
  [Low16/64]BRank(12):128(4)        R= +1511  p~=  1.8e-804   FAIL !!!!!!!   
  [Low16/64]BRank(12):256(2)        R= +4965  p~=  9e-1496    FAIL !!!!!!!!  
  [Low16/64]BRank(12):384(1)        R= +6266  p~=  1e-1887    FAIL !!!!!!!!  
  [Low16/64]BRank(12):512(2)        R=+12759  p~=  7e-3842    FAIL !!!!!!!!  
  [Low16/64]BRank(12):768(1)        R=+14533  p~=  7e-4376    FAIL !!!!!!!!  
  [Low16/64]BRank(12):1K(1)         R=+20044  p~=  7e-6035    FAIL !!!!!!!!  
  [Low4/64]BRank(12):128(4)         R= +1511  p~=  1.8e-804   FAIL !!!!!!!   
  [Low4/64]BRank(12):256(2)         R= +4965  p~=  9e-1496    FAIL !!!!!!!!  
  [Low4/64]BRank(12):384(1)         R= +6266  p~=  1e-1887    FAIL !!!!!!!!  
  [Low4/64]BRank(12):512(2)         R=+12759  p~=  7e-3842    FAIL !!!!!!!!  
  [Low4/64]BRank(12):768(1)         R=+14533  p~=  7e-4376    FAIL !!!!!!!!  
  [Low1/64]BRank(12):128(2)         R= +1068  p~=  1.1e-322   FAIL !!!!!!    
  [Low1/64]BRank(12):256(2)         R= +4965  p~=  9e-1496    FAIL !!!!!!!!  
  [Low1/64]BRank(12):384(1)         R= +6266  p~=  1e-1887    FAIL !!!!!!!!  
  [Low1/64]BRank(12):512(1)         R= +9022  p~=  6e-2717    FAIL !!!!!!!!  
  ...and 146 test result(s) without anomalies

